[debug] [2026-06-06T02:07:56.639Z] ----------------------------------------------------------------------
[debug] [2026-06-06T02:07:56.642Z] Command:       /usr/local/bin/node /Users/jessiesalvador/.npm-global/bin/firebase init functions
[debug] [2026-06-06T02:07:56.642Z] CLI Version:   15.19.1
[debug] [2026-06-06T02:07:56.642Z] Platform:      darwin
[debug] [2026-06-06T02:07:56.642Z] Node Version:  v24.15.0
[debug] [2026-06-06T02:07:56.642Z] Time:          Sat Jun 06 2026 12:07:56 GMT+1000 (Australian Eastern Standard Time)
[debug] [2026-06-06T02:07:56.642Z] ----------------------------------------------------------------------
[debug] 
[info] 
     ######## #### ########  ######## ########     ###     ######  ########
     ##        ##  ##     ## ##       ##     ##  ##   ##  ##       ##
     ######    ##  ########  ######   ########  #########  ######  ######
     ##        ##  ##    ##  ##       ##     ## ##     ##       ## ##
     ##       #### ##     ## ######## ########  ##     ##  ######  ########

You're about to initialize a Firebase project in this directory:

  /Users/jessiesalvador/project/firebase-store

Before we get started, keep in mind:

  * You are initializing within an existing Firebase project directory

[info] 
=== Project Setup
[info] 
[info] First, let's associate this project directory with a Firebase project.
[info] You can create multiple project aliases by running firebase use --add, 
[info] 
[debug] [2026-06-06T02:07:58.083Z] > command requires scopes: ["email","openid","https://www.googleapis.com/auth/cloudplatformprojects.readonly","https://www.googleapis.com/auth/firebase","https://www.googleapis.com/auth/cloud-platform"]
[debug] [2026-06-06T02:07:58.084Z] > authorizing via signed-in user (jessie.s.salvador@gmail.com)
[debug] [2026-06-06T02:07:58.085Z] Checked if tokens are valid: true, expires at: 1780714012581
[debug] [2026-06-06T02:07:58.086Z] Checked if tokens are valid: true, expires at: 1780714012581
[debug] [2026-06-06T02:07:58.087Z] >>> [apiv2][query] GET https://firebase.googleapis.com/v1beta1/projects/jsstore-b6d73 [none]
[debug] [2026-06-06T02:07:58.965Z] <<< [apiv2][status] GET https://firebase.googleapis.com/v1beta1/projects/jsstore-b6d73 200
[debug] [2026-06-06T02:07:58.965Z] <<< [apiv2][body] GET https://firebase.googleapis.com/v1beta1/projects/jsstore-b6d73 {"projectId":"jsstore-b6d73","projectNumber":"824416843870","displayName":"jsstore","name":"projects/jsstore-b6d73","resources":{"hostingSite":"jsstore-b6d73"},"state":"ACTIVE","etag":"1_4e0b8c0d-4b9b-4af5-8074-c4c982443c9f"}
[info] i  Using project jsstore-b6d73 (jsstore) . 
[info] 
=== Functions Setup
[debug] [2026-06-06T02:07:58.981Z] > command requires scopes: ["email","openid","https://www.googleapis.com/auth/cloudplatformprojects.readonly","https://www.googleapis.com/auth/firebase","https://www.googleapis.com/auth/cloud-platform"]
[debug] [2026-06-06T02:07:58.981Z] > authorizing via signed-in user (jessie.s.salvador@gmail.com)
[debug] [2026-06-06T02:07:58.981Z] [iam] checking project jsstore-b6d73 for permissions ["firebase.projects.get"]
[debug] [2026-06-06T02:07:58.981Z] Checked if tokens are valid: true, expires at: 1780714012581
[debug] [2026-06-06T02:07:58.981Z] Checked if tokens are valid: true, expires at: 1780714012581
[debug] [2026-06-06T02:07:58.981Z] >>> [apiv2][query] POST https://cloudresourcemanager.googleapis.com/v1/projects/jsstore-b6d73:testIamPermissions [none]
[debug] [2026-06-06T02:07:58.981Z] >>> [apiv2][(partial)header] POST https://cloudresourcemanager.googleapis.com/v1/projects/jsstore-b6d73:testIamPermissions  x-goog-user-project=jsstore-b6d73
[debug] [2026-06-06T02:07:58.981Z] >>> [apiv2][body] POST https://cloudresourcemanager.googleapis.com/v1/projects/jsstore-b6d73:testIamPermissions {"permissions":["firebase.projects.get"]}
[debug] [2026-06-06T02:07:59.362Z] <<< [apiv2][status] POST https://cloudresourcemanager.googleapis.com/v1/projects/jsstore-b6d73:testIamPermissions 200
[debug] [2026-06-06T02:07:59.362Z] <<< [apiv2][body] POST https://cloudresourcemanager.googleapis.com/v1/projects/jsstore-b6d73:testIamPermissions {"permissions":["firebase.projects.get"]}
[info] 
Detected existing codebase(s): default

